2016-08-04 12:03:43.26 - Integração iniciada!!!
2016-08-04 12:03:43.33 - Laboratorio nao definido!!!!
2016-08-04 12:03:44.56 - Parando o processo de integração
2016-08-04 16:50:01.153 - Integração iniciada!!!
2016-08-04 16:50:01.29 - Laboratorio nao definido!!!!
2016-08-04 16:50:03.303 - Laboratorio nao definido!!!!
2016-08-04 16:50:05.317 - Laboratorio nao definido!!!!
2016-08-04 16:50:06.337 - Parando o processo de integração
2016-08-04 16:51:08.47 - Integração iniciada!!!
2016-08-04 16:51:08.52 - Laboratorio nao definido!!!!
2016-08-04 16:51:10.537 - Laboratorio nao definido!!!!
2016-08-04 16:51:12.537 - Parando o processo de integração
2016-08-04 16:52:47.903 - Integração iniciada!!!
2016-08-04 16:52:48.383 - Laboratorio nao definido!!!!
2016-08-04 16:52:50.323 - Parando o processo de integração
2016-08-04 17:06:09.6 - Integração iniciada!!!
2016-08-04 17:06:09.657 - Laboratorio nao definido!!!!
2016-08-04 17:06:11.67 - Laboratorio nao definido!!!!
2016-08-04 17:06:13.62 - Parando o processo de integração
2016-08-04 17:07:15.403 - Integração iniciada!!!
2016-08-04 17:07:15.483 - Laboratorio : CIENTIFICALAB
2016-08-04 17:07:15.49 - Sistema parado aguardando próximo ciclo
2016-08-04 17:07:17.51 - Laboratorio : CIENTIFICALAB
2016-08-04 17:07:17.517 - Sistema parado aguardando próximo ciclo
2016-08-04 17:07:19.54 - Laboratorio : CIENTIFICALAB
2016-08-04 17:07:19.55 - Sistema parado aguardando próximo ciclo
2016-08-04 17:07:21.57 - Laboratorio : CIENTIFICALAB
2016-08-04 17:07:21.58 - Sistema parado aguardando próximo ciclo
2016-08-04 17:07:23.6 - Laboratorio : CIENTIFICALAB
2016-08-04 17:07:23.61 - Sistema parado aguardando próximo ciclo
2016-08-04 17:07:25.633 - Laboratorio : CIENTIFICALAB
2016-08-04 17:07:25.643 - Sistema parado aguardando próximo ciclo
2016-08-04 17:07:27.127 - Parando o processo de integração
2016-08-04 17:09:20.64 - Integração iniciada!!!
2016-08-04 17:09:20.707 - Laboratorio : CIENTIFICALAB
2016-08-04 17:09:22.227 - Quantidade de informações - 36857
2016-08-04 17:09:22.617 - Enviando a solicitação : 63184 do(a) Paciente : 
 VANILDA APARECIDA BARBOSA
2016-08-04 17:09:24.417 - Solicitação enviada com sucesso ao destino!!!
2016-08-04 17:09:24.42 - Exame sem depara : Codigo Exame = 64
2016-08-04 17:09:24.67 - Parando o processo de integração
