2016-07-08 10:09:48.547 - Integração iniciada!!!
2016-07-08 10:09:48.907 - Laboratorio : CIENTIFICALAB
2016-07-08 10:09:49.347 - Quantidade de informações - 6
2016-07-08 10:09:49.377 - Enviando a solicitação : 6 do(a) Paciente : JOAO BATISTA DE SOUZA
2016-07-08 10:09:51.28 - Solicitação enviada e retornou com falhas!!!
2016-07-08 10:09:51.28 - Problemas na criacao do LabRequisicao....    LabRequisicao == null ou inexistente ..... 
2016-07-08 10:09:51.293 - Enviando a solicitação : 7 do(a) Paciente : JOSE ZAGO
2016-07-08 10:09:51.467 - Solicitação enviada e retornou com falhas!!!
2016-07-08 10:09:51.477 - Problemas na criacao do LabRequisicao....    LabRequisicao == null ou inexistente ..... 
2016-07-08 10:41:59.7 - Integração iniciada!!!
2016-07-08 10:42:00.057 - Laboratorio : CIENTIFICALAB
2016-07-08 10:42:00.207 - Quantidade de informações - 6
2016-07-08 10:42:00.313 - Enviando a solicitação : 6 do(a) Paciente : JOAO BATISTA DE SOUZA
2016-07-08 10:42:01.91 - Solicitação enviada e retornou com falhas!!!
2016-07-08 10:42:01.917 - Problemas na criacao do LabRequisicao....    LabRequisicao == null ou inexistente ..... 
2016-07-08 10:42:01.93 - Enviando a solicitação : 7 do(a) Paciente : JOSE ZAGO
2016-07-08 10:42:02.12 - Solicitação enviada e retornou com falhas!!!
2016-07-08 10:42:02.123 - Problemas na criacao do LabRequisicao....    LabRequisicao == null ou inexistente ..... 
2016-07-08 10:43:44.16 - Integração iniciada!!!
2016-07-08 10:43:44.327 - Laboratorio : CIENTIFICALAB
2016-07-08 10:43:44.393 - Quantidade de informações - 6
2016-07-08 10:43:44.41 - Enviando a solicitação : 6 do(a) Paciente : JOAO BATISTA DE SOUZA
2016-07-08 10:43:44.79 - Solicitação enviada e retornou com falhas!!!
2016-07-08 10:43:44.797 - Problemas na criacao do LabRequisicao....    LabRequisicao == null ou inexistente ..... 
2016-07-08 10:43:44.82 - Enviando a solicitação : 7 do(a) Paciente : JOSE ZAGO
2016-07-08 10:43:45.023 - Solicitação enviada e retornou com falhas!!!
2016-07-08 10:43:45.027 - Problemas na criacao do LabRequisicao....    LabRequisicao == null ou inexistente ..... 
2016-07-08 10:45:01.52 - Integração iniciada!!!
2016-07-08 10:45:02.467 - Laboratorio : CIENTIFICALAB
2016-07-08 10:45:02.527 - Quantidade de informações - 6
2016-07-08 10:45:02.543 - Enviando a solicitação : 6 do(a) Paciente : JOAO BATISTA DE SOUZA
2016-07-08 10:45:05.253 - Solicitação enviada e retornou com falhas!!!
2016-07-08 10:45:05.257 - Problemas na criacao do LabRequisicao....    LabRequisicao == null ou inexistente ..... 
2016-07-08 10:45:05.263 - Enviando a solicitação : 7 do(a) Paciente : JOSE ZAGO
2016-07-08 10:45:10.987 - Solicitação enviada e retornou com falhas!!!
2016-07-08 10:45:10.993 - Problemas na criacao do LabRequisicao....    LabRequisicao == null ou inexistente ..... 
2016-07-08 10:47:08.473 - Integração iniciada!!!
2016-07-08 10:47:08.9 - Laboratorio : CIENTIFICALAB
2016-07-08 10:47:09.027 - Quantidade de informações - 6
2016-07-08 10:47:09.077 - Enviando a solicitação : 6 do(a) Paciente : JOAO BATISTA DE SOUZA
2016-07-08 10:47:09.817 - Solicitação enviada e retornou com falhas!!!
2016-07-08 10:47:09.817 - Problemas na criacao do LabRequisicao....    LabRequisicao == null ou inexistente ..... 
2016-07-08 10:47:09.827 - Enviando a solicitação : 7 do(a) Paciente : JOSE ZAGO
2016-07-08 10:47:09.993 - Solicitação enviada e retornou com falhas!!!
2016-07-08 10:47:09.997 - Problemas na criacao do LabRequisicao....    LabRequisicao == null ou inexistente ..... 
2016-07-08 10:47:30.037 - Laboratorio : CIENTIFICALAB
2016-07-08 10:47:30.103 - Quantidade de informações - 6
2016-07-08 10:47:30.11 - Enviando a solicitação : 6 do(a) Paciente : JOAO BATISTA DE SOUZA
2016-07-08 10:47:30.283 - Solicitação enviada e retornou com falhas!!!
2016-07-08 10:47:30.29 - Problemas na criacao do LabRequisicao....    LabRequisicao == null ou inexistente ..... 
2016-07-08 10:47:30.3 - Enviando a solicitação : 7 do(a) Paciente : JOSE ZAGO
2016-07-08 10:47:30.473 - Solicitação enviada e retornou com falhas!!!
2016-07-08 10:47:30.477 - Problemas na criacao do LabRequisicao....    LabRequisicao == null ou inexistente ..... 
2016-07-08 10:47:37.777 - Parando o processo de integração
2016-07-08 10:56:12.903 - Integração iniciada!!!
2016-07-08 10:56:13.063 - Laboratorio : CIENTIFICALAB
2016-07-08 10:56:13.123 - Quantidade de informações - 6
2016-07-08 10:56:13.147 - Enviando a solicitação : 6 do(a) Paciente : JOAO BATISTA DE SOUZA
2016-07-08 10:56:14.8 - Solicitação enviada e retornou com falhas!!!
2016-07-08 10:56:14.803 - Solicitacao recebida com sucesso.....
2016-07-08 10:56:14.81 - Enviando a solicitação : 7 do(a) Paciente : JOSE ZAGO
2016-07-08 10:56:15.247 - Solicitação enviada e retornou com falhas!!!
2016-07-08 10:56:15.253 - Solicitacao recebida com sucesso.....
2016-07-08 10:56:32.37 - Parando o processo de integração
2016-07-08 11:09:58.543 - Integração iniciada!!!
2016-07-08 11:09:58.82 - Laboratorio : CIENTIFICALAB
2016-07-08 11:09:59.37 - Não há informações a serem enviadas!!
2016-07-08 11:10:19.413 - Laboratorio : CIENTIFICALAB
2016-07-08 11:10:19.5 - Não há informações a serem enviadas!!
2016-07-08 11:10:39.68 - Laboratorio : CIENTIFICALAB
2016-07-08 11:10:39.76 - Não há informações a serem enviadas!!
2016-07-08 11:11:00.673 - Laboratorio : CIENTIFICALAB
2016-07-08 11:11:00.743 - Não há informações a serem enviadas!!
2016-07-08 11:11:20.8 - Laboratorio : CIENTIFICALAB
2016-07-08 11:11:20.86 - Não há informações a serem enviadas!!
2016-07-08 11:11:40.877 - Laboratorio : CIENTIFICALAB
2016-07-08 11:11:40.95 - Não há informações a serem enviadas!!
2016-07-08 11:11:41.593 - Parando o processo de integração
2016-07-08 11:13:52.363 - Integração iniciada!!!
2016-07-08 11:13:52.58 - Laboratorio : CIENTIFICALAB
2016-07-08 11:13:52.847 - Quantidade de informações - 2
2016-07-08 11:13:52.89 - Enviando a solicitação : 60002 do(a) Paciente : JAIR VIQUIETINI
2016-07-08 11:13:54.68 - Solicitação enviada e retornou com falhas!!!
2016-07-08 11:13:54.683 - lista de exames vazia.
2016-07-08 11:14:14.71 - Laboratorio : CIENTIFICALAB
2016-07-08 11:14:14.787 - Quantidade de informações - 2
2016-07-08 11:14:14.79 - Enviando a solicitação : 60002 do(a) Paciente : JAIR VIQUIETINI
2016-07-08 11:14:14.997 - Solicitação enviada e retornou com falhas!!!
2016-07-08 11:14:15.0 - lista de exames vazia.
2016-07-08 11:14:23.007 - Parando o processo de integração
2016-07-08 11:19:17.267 - Integração iniciada!!!
2016-07-08 11:19:17.56 - Laboratorio : CIENTIFICALAB
2016-07-08 11:19:17.957 - Quantidade de informações - 20
2016-07-08 11:19:17.993 - Enviando a solicitação : 60003 do(a) Paciente : GERCIMA FATIMA GAMA DALMAZO
2016-07-08 11:19:20.297 - Solicitação enviada e retornou com falhas!!!
2016-07-08 11:19:20.303 - lista de exames vazia.
2016-07-08 11:19:20.313 - Enviando a solicitação : 60002 do(a) Paciente : JAIR VIQUIETINI
2016-07-08 11:19:20.557 - Solicitação enviada e retornou com falhas!!!
2016-07-08 11:19:20.56 - lista de exames vazia.
2016-07-08 11:22:06.267 - Integração iniciada!!!
2016-07-08 11:22:06.473 - Laboratorio : CIENTIFICALAB
2016-07-08 11:22:06.75 - Quantidade de informações - 20
2016-07-08 11:22:06.813 - Enviando a solicitação : 60003 do(a) Paciente : GERCIMA FATIMA GAMA DALMAZO
2016-07-08 11:22:07.75 - Solicitação enviada e retornou com falhas!!!
2016-07-08 11:22:07.75 - Problemas na criacao do LabRequisicao....    LabRequisicao == null ou inexistente ..... 
2016-07-08 11:22:07.76 - Enviando a solicitação : 60002 do(a) Paciente : JAIR VIQUIETINI
2016-07-08 11:22:07.897 - Solicitação enviada e retornou com falhas!!!
2016-07-08 11:22:07.9 - Problemas na criacao do LabRequisicao....    LabRequisicao == null ou inexistente ..... 
2016-07-08 11:33:18.07 - Integração iniciada!!!
2016-07-08 11:33:18.27 - Laboratorio : CIENTIFICALAB
2016-07-08 11:33:18.443 - Quantidade de informações - 20
2016-07-08 11:33:18.47 - Enviando a solicitação : 60003 do(a) Paciente : GERCIMA FATIMA GAMA DALMAZO
2016-07-08 11:33:20.197 - Solicitação enviada e retornou com falhas!!!
2016-07-08 11:33:20.203 - lista de exames vazia.
2016-07-08 11:33:20.217 - Enviando a solicitação : 60002 do(a) Paciente : JAIR VIQUIETINI
2016-07-08 11:33:20.69 - Solicitação enviada e retornou com falhas!!!
2016-07-08 11:33:20.71 - lista de exames vazia.
2016-07-08 11:37:42.977 - Integração iniciada!!!
2016-07-08 11:37:43.153 - Laboratorio : CIENTIFICALAB
2016-07-08 11:37:43.277 - Quantidade de informações - 20
2016-07-08 11:37:43.31 - Enviando a solicitação : 60003 do(a) Paciente : GERCIMA FATIMA GAMA DALMAZO
2016-07-08 11:37:45.743 - Solicitação enviada e retornou com falhas!!!
2016-07-08 11:37:45.753 - lista de exames vazia.
2016-07-08 11:37:45.787 - Enviando a solicitação : 60002 do(a) Paciente : JAIR VIQUIETINI
2016-07-08 11:37:46.293 - Solicitação enviada e retornou com falhas!!!
2016-07-08 11:37:46.297 - lista de exames vazia.
2016-07-08 11:38:06.35 - Laboratorio : CIENTIFICALAB
2016-07-08 11:38:06.433 - Quantidade de informações - 20
2016-07-08 11:38:06.447 - Enviando a solicitação : 60003 do(a) Paciente : GERCIMA FATIMA GAMA DALMAZO
2016-07-08 11:38:07.0 - Solicitação enviada e retornou com falhas!!!
2016-07-08 11:38:07.0 - lista de exames vazia.
2016-07-08 11:38:07.007 - Enviando a solicitação : 60002 do(a) Paciente : JAIR VIQUIETINI
2016-07-08 11:38:07.26 - Solicitação enviada e retornou com falhas!!!
2016-07-08 11:38:07.263 - lista de exames vazia.
2016-07-08 11:38:11.947 - Parando o processo de integração
