2016-07-15 10:58:42.597 - Integração iniciada!!!
2016-07-15 10:58:42.96 - Laboratorio : CIENTIFICALAB
2016-07-15 10:58:43.02 - Não há informações a serem enviadas!!
2016-07-15 10:59:03.037 - Laboratorio : CIENTIFICALAB
2016-07-15 10:59:03.047 - Não há informações a serem enviadas!!
2016-07-15 10:59:23.067 - Laboratorio : CIENTIFICALAB
2016-07-15 10:59:23.08 - Não há informações a serem enviadas!!
2016-07-15 10:59:42.93 - Parando o processo de integração
2016-07-15 11:03:01.837 - Integração iniciada!!!
2016-07-15 11:03:02.017 - Laboratorio : CIENTIFICALAB
2016-07-15 11:03:02.16 - Quantidade de informações - 7
2016-07-15 11:03:02.187 - Enviando a solicitação : 63731 do(a) Paciente : 
 MARIA BETANIA BARBOSA GONCALVES
2016-07-15 11:05:54.277 - Parando o processo de integração
2016-07-15 11:08:11.92 - Integração iniciada!!!
2016-07-15 11:08:13.033 - Laboratorio : CIENTIFICALAB
2016-07-15 11:08:13.15 - Quantidade de informações - 18
2016-07-15 11:08:13.177 - Enviando a solicitação : 61462 do(a) Paciente : 
 VALDIR APARECIDO PEREIRA
2016-07-15 11:10:35.37 - Parando o processo de integração
2016-07-15 11:10:04.213 - Integração iniciada!!!
2016-07-15 11:10:04.427 - Laboratorio : CIENTIFICALAB
2016-07-15 11:10:04.583 - Quantidade de informações - 10
2016-07-15 11:10:04.61 - Enviando a solicitação : 63373 do(a) Paciente : 
 MARY ANGELA CARDOZO AUGUSTO
2016-07-15 11:10:38.64 - Parando o processo de integração
2016-07-15 11:17:50.187 - Integração iniciada!!!
2016-07-15 11:17:50.433 - Laboratorio : CIENTIFICALAB
2016-07-15 11:17:50.54 - Quantidade de informações - 10
2016-07-15 11:17:50.59 - Enviando a solicitação : 63373 do(a) Paciente : 
 MARY ANGELA CARDOZO AUGUSTO
2016-07-15 11:17:51.117 - Solicitação enviada e retornou com falhas!!! 
 Lista vazia ou exames não encontrado no destino (DEPARA)
2016-07-15 11:18:11.963 - Laboratorio : CIENTIFICALAB
2016-07-15 11:18:12.053 - Quantidade de informações - 10
2016-07-15 11:18:12.073 - Enviando a solicitação : 63373 do(a) Paciente : 
 MARY ANGELA CARDOZO AUGUSTO
2016-07-15 11:18:34.5 - Solicitação enviada e retornou com falhas!!! 
 Lista vazia ou exames não encontrado no destino (DEPARA)
2016-07-15 11:18:54.563 - Laboratorio : CIENTIFICALAB
2016-07-15 11:18:54.647 - Quantidade de informações - 10
2016-07-15 11:18:54.657 - Enviando a solicitação : 63373 do(a) Paciente : 
 MARY ANGELA CARDOZO AUGUSTO
2016-07-15 11:18:55.023 - Solicitação enviada e retornou com falhas!!! 
 Lista vazia ou exames não encontrado no destino (DEPARA)
2016-07-15 11:19:14.433 - Parando o processo de integração
2016-07-15 11:21:27.063 - Integração iniciada!!!
2016-07-15 11:21:27.26 - Laboratorio : CIENTIFICALAB
2016-07-15 11:21:27.55 - Quantidade de informações - 1
2016-07-15 11:21:27.58 - Enviando a solicitação : 63373 do(a) Paciente : 
 MARY ANGELA CARDOZO AUGUSTO
2016-07-15 11:21:28.143 - Solicitação enviada e retornou com falhas!!! 
 Lista vazia ou exames não encontrado no destino (DEPARA)
2016-07-15 11:21:48.16 - Laboratorio : CIENTIFICALAB
2016-07-15 11:21:48.257 - Quantidade de informações - 1
2016-07-15 11:21:48.273 - Enviando a solicitação : 63373 do(a) Paciente : 
 MARY ANGELA CARDOZO AUGUSTO
2016-07-15 11:21:48.513 - Solicitação enviada e retornou com falhas!!! 
 Lista vazia ou exames não encontrado no destino (DEPARA)
2016-07-15 11:21:50.317 - Parando o processo de integração
2016-07-15 11:24:28.613 - Integração iniciada!!!
2016-07-15 11:24:31.843 - Laboratorio : CIENTIFICALAB
2016-07-15 11:24:31.947 - Quantidade de informações - 1
2016-07-15 11:24:31.97 - Enviando a solicitação : 63373 do(a) Paciente : 
 MARY ANGELA CARDOZO AUGUSTO
2016-07-15 11:24:51.163 - Solicitação enviada com sucesso ao destino!!!
2016-07-15 11:25:15.317 - Parando o processo de integração
2016-07-15 11:32:53.52 - Integração iniciada!!!
2016-07-15 11:32:53.753 - Laboratorio : CIENTIFICALAB
2016-07-15 11:32:53.883 - Quantidade de informações - 1
2016-07-15 11:32:53.917 - Enviando a solicitação : 63373 do(a) Paciente : 
 MARY ANGELA CARDOZO AUGUSTO
2016-07-15 11:32:54.907 - Solicitação enviada com sucesso ao destino!!!
2016-07-15 11:33:09.7 - Parando o processo de integração
2016-07-15 11:51:05.19 - Integração iniciada!!!
2016-07-15 11:51:05.557 - Laboratorio : CIENTIFICALAB
2016-07-15 11:51:05.79 - Quantidade de informações - 1
2016-07-15 11:51:05.87 - Enviando a solicitação : 63373 do(a) Paciente : 
 MARY ANGELA CARDOZO AUGUSTO
2016-07-15 11:51:08.907 - Solicitação enviada com sucesso ao destino!!!
2016-07-15 13:15:29.537 - Parando o processo de integração
2016-07-15 13:35:03.47 - Integração iniciada!!!
2016-07-15 13:35:03.807 - Laboratorio : CIENTIFICALAB
2016-07-15 13:35:04.277 - Quantidade de informações - 1
2016-07-15 13:35:04.303 - Enviando a solicitação : 61528 do(a) Paciente : 
 SEBASTIANA DONIZETTI SOARES
2016-07-15 13:36:06.007 - Parando o processo de integração
2016-07-15 13:39:40.543 - Integração iniciada!!!
2016-07-15 13:39:40.773 - Laboratorio : CIENTIFICALAB
2016-07-15 13:39:40.94 - Quantidade de informações - 1
2016-07-15 13:39:40.963 - Enviando a solicitação : 61528 do(a) Paciente : 
 SEBASTIANA DONIZETTI SOARES
2016-07-15 13:39:41.477 - Solicitação enviada com sucesso ao destino!!!
2016-07-15 13:40:44.047 - Parando o processo de integração
2016-07-15 14:09:03.573 - Integração iniciada!!!
2016-07-15 14:09:03.797 - Laboratorio : CIENTIFICALAB
2016-07-15 14:09:04.023 - Quantidade de informações - 1
2016-07-15 14:09:04.053 - Enviando a solicitação : 61528 do(a) Paciente : 
 SEBASTIANA DONIZETTI SOARES
2016-07-15 14:09:26.55 - Solicitação enviada com sucesso ao destino!!!
2016-07-15 14:10:39.807 - Parando o processo de integração
2016-07-15 14:10:59.94 - Integração iniciada!!!
2016-07-15 14:11:00.163 - Laboratorio : CIENTIFICALAB
2016-07-15 14:11:00.35 - Quantidade de informações - 18
2016-07-15 14:11:00.41 - Enviando a solicitação : 61528 do(a) Paciente : 
 SEBASTIANA DONIZETTI SOARES
2016-07-15 14:11:01.437 - Solicitação enviada com sucesso ao destino!!!
2016-07-15 14:11:59.45 - Parando o processo de integração
2016-07-15 14:14:24.247 - Integração iniciada!!!
2016-07-15 14:14:24.62 - Laboratorio : CIENTIFICALAB
2016-07-15 14:14:24.7 - Quantidade de informações - 18
2016-07-15 14:14:24.73 - Enviando a solicitação : 61528 do(a) Paciente : 
 SEBASTIANA DONIZETTI SOARES
2016-07-15 14:14:43.067 - Solicitação enviada com sucesso ao destino!!!
2016-07-15 14:14:56.97 - Parando o processo de integração
2016-07-15 14:23:33.017 - Integração iniciada!!!
2016-07-15 14:23:33.2 - Laboratorio : CIENTIFICALAB
2016-07-15 14:23:33.297 - Quantidade de informações - 18
2016-07-15 14:23:33.333 - Enviando a solicitação : 61528 do(a) Paciente : 
 SEBASTIANA DONIZETTI SOARES
2016-07-15 14:23:34.263 - Solicitação enviada com sucesso ao destino!!!
2016-07-15 14:23:34.407 - Solicitacao recebida com sucesso.....
2016-07-15 14:23:54.427 - Laboratorio : CIENTIFICALAB
2016-07-15 14:23:54.533 - Quantidade de informações - 18
2016-07-15 14:23:54.56 - Enviando a solicitação : 61528 do(a) Paciente : 
 SEBASTIANA DONIZETTI SOARES
2016-07-15 14:23:55.117 - Solicitação enviada com sucesso ao destino!!!
2016-07-15 14:23:55.133 - Solicitacao recebida com sucesso.....
2016-07-15 14:23:59.767 - Parando o processo de integração
2016-07-15 14:26:53.423 - Integração iniciada!!!
2016-07-15 14:26:53.577 - Laboratorio : CIENTIFICALAB
2016-07-15 14:26:53.713 - Quantidade de informações - 18
2016-07-15 14:26:53.767 - Enviando a solicitação : 61528 do(a) Paciente : 
 SEBASTIANA DONIZETTI SOARES
2016-07-15 14:26:54.633 - Solicitação enviada com sucesso ao destino!!!
2016-07-15 14:26:54.637 - Exame sem depara : Codigo Exame = 64
2016-07-15 14:26:54.64 - Exame sem depara : Codigo Exame = 111
2016-07-15 14:26:54.647 - Exame sem depara : Codigo Exame = 71
2016-07-15 14:26:54.653 - Exame sem depara : Codigo Exame = 68
2016-07-15 14:26:54.657 - Exame sem depara : Codigo Exame = 74
2016-07-15 14:26:54.66 - Exame sem depara : Codigo Exame = 61
2016-07-15 14:26:54.66 - Exame sem depara : Codigo Exame = 94
2016-07-15 14:26:54.667 - Exame sem depara : Codigo Exame = 93
2016-07-15 14:26:54.667 - Exame sem depara : Codigo Exame = 60
2016-07-15 14:26:54.673 - Exame sem depara : Codigo Exame = 86
2016-07-15 14:26:54.677 - Exame sem depara : Codigo Exame = 54
2016-07-15 14:26:54.687 - Exame sem depara : Codigo Exame = 82
2016-07-15 14:26:54.69 - Exame sem depara : Codigo Exame = 72
2016-07-15 14:26:54.69 - Exame sem depara : Codigo Exame = 73
2016-07-15 14:26:54.693 - Exame sem depara : Codigo Exame = 95
2016-07-15 14:26:54.697 - Exame sem depara : Codigo Exame = 359
2016-07-15 14:26:54.697 - Exame sem depara : Codigo Exame = 337
2016-07-15 14:26:54.76 - Solicitacao recebida com sucesso.....
2016-07-15 14:27:07.98 - Parando o processo de integração
2016-07-15 14:32:34.517 - Integração iniciada!!!
2016-07-15 14:32:35.773 - Laboratorio : CIENTIFICALAB
2016-07-15 14:32:35.873 - Quantidade de informações - 18
2016-07-15 14:32:35.903 - Enviando a solicitação : 61528 do(a) Paciente : 
 SEBASTIANA DONIZETTI SOARES
2016-07-15 14:32:45.193 - Solicitação enviada com sucesso ao destino!!!
2016-07-15 14:32:45.193 - Exame sem depara : Codigo Exame = 64
2016-07-15 14:33:13.237 - Parando o processo de integração
2016-07-15 14:33:44.73 - Integração iniciada!!!
2016-07-15 14:33:44.947 - Laboratorio : CIENTIFICALAB
2016-07-15 14:33:45.147 - Quantidade de informações - 18
2016-07-15 14:33:45.177 - Enviando a solicitação : 61528 do(a) Paciente : 
 SEBASTIANA DONIZETTI SOARES
2016-07-15 14:33:46.227 - Solicitação enviada com sucesso ao destino!!!
2016-07-15 14:33:46.233 - Exame sem depara : Codigo Exame = 64
2016-07-15 14:35:01.313 - Parando o processo de integração
2016-07-15 14:35:25.177 - Integração iniciada!!!
2016-07-15 14:35:25.363 - Laboratorio : CIENTIFICALAB
2016-07-15 14:35:25.457 - Quantidade de informações - 18
2016-07-15 14:35:25.483 - Enviando a solicitação : 61528 do(a) Paciente : 
 SEBASTIANA DONIZETTI SOARES
2016-07-15 14:35:26.293 - Solicitação enviada com sucesso ao destino!!!
2016-07-15 14:35:26.293 - Exame sem depara : Codigo Exame = 64
2016-07-15 14:36:49.0 - Parando o processo de integração
2016-07-15 14:43:47.357 - Integração iniciada!!!
2016-07-15 14:43:47.52 - Laboratorio : CIENTIFICALAB
2016-07-15 14:43:47.693 - Quantidade de informações - 18
2016-07-15 14:43:47.74 - Enviando a solicitação : 61528 do(a) Paciente : 
 SEBASTIANA DONIZETTI SOARES
2016-07-15 14:43:48.61 - Solicitação enviada com sucesso ao destino!!!
2016-07-15 14:43:48.613 - Exame sem depara : Codigo Exame = 64
2016-07-15 14:43:50.28 - Parando o processo de integração
2016-07-15 14:45:02.673 - Integração iniciada!!!
2016-07-15 14:45:02.86 - Laboratorio : CIENTIFICALAB
2016-07-15 14:45:02.987 - Quantidade de informações - 18
2016-07-15 14:45:03.023 - Enviando a solicitação : 61528 do(a) Paciente : 
 SEBASTIANA DONIZETTI SOARES
2016-07-15 14:45:04.077 - Solicitação enviada com sucesso ao destino!!!
2016-07-15 14:45:04.08 - Exame sem depara : Codigo Exame = 64
2016-07-15 14:45:04.207 - Exame sem depara : Codigo Exame = 111
2016-07-15 14:45:04.26 - Exame sem depara : Codigo Exame = 71
2016-07-15 14:45:04.297 - Exame sem depara : Codigo Exame = 68
2016-07-15 14:45:04.35 - Exame sem depara : Codigo Exame = 74
2016-07-15 14:45:04.387 - Exame sem depara : Codigo Exame = 61
2016-07-15 14:45:04.42 - Exame sem depara : Codigo Exame = 94
2016-07-15 14:45:04.463 - Exame sem depara : Codigo Exame = 93
2016-07-15 14:45:04.507 - Exame sem depara : Codigo Exame = 60
2016-07-15 14:45:04.543 - Exame sem depara : Codigo Exame = 86
2016-07-15 14:45:04.58 - Exame sem depara : Codigo Exame = 54
2016-07-15 14:45:04.617 - Exame sem depara : Codigo Exame = 82
2016-07-15 14:45:04.653 - Exame sem depara : Codigo Exame = 72
2016-07-15 14:45:04.71 - Exame sem depara : Codigo Exame = 73
2016-07-15 14:45:04.767 - Exame sem depara : Codigo Exame = 95
2016-07-15 14:45:04.817 - Exame sem depara : Codigo Exame = 359
2016-07-15 14:45:04.867 - Exame sem depara : Codigo Exame = 337
2016-07-15 14:45:24.96 - Laboratorio : CIENTIFICALAB
2016-07-15 14:45:25.047 - Quantidade de informações - 1
2016-07-15 14:45:25.063 - Enviando a solicitação : 61528 do(a) Paciente : 
 SEBASTIANA DONIZETTI SOARES
2016-07-15 14:45:25.343 - Solicitação enviada com sucesso ao destino!!!
2016-07-15 14:45:45.387 - Laboratorio : CIENTIFICALAB
2016-07-15 14:45:45.467 - Quantidade de informações - 1
2016-07-15 14:45:45.473 - Enviando a solicitação : 61528 do(a) Paciente : 
 SEBASTIANA DONIZETTI SOARES
2016-07-15 14:45:45.67 - Solicitação enviada com sucesso ao destino!!!
2016-07-15 14:45:45.757 - Parando o processo de integração
2016-07-15 15:34:42.357 - Integração iniciada!!!
2016-07-15 15:34:42.547 - Laboratorio : CIENTIFICALAB
2016-07-15 15:34:42.763 - Quantidade de informações - 1
2016-07-15 15:34:42.79 - Enviando a solicitação : 61528 do(a) Paciente : 
 SEBASTIANA DONIZETTI SOARES
2016-07-15 15:34:43.72 - Solicitação enviada com sucesso ao destino!!!
2016-07-15 15:35:00.567 - Parando o processo de integração
2016-07-15 15:36:04.487 - Integração iniciada!!!
2016-07-15 15:36:04.647 - Laboratorio : CIENTIFICALAB
2016-07-15 15:36:04.76 - Quantidade de informações - 10
2016-07-15 15:36:04.787 - Enviando a solicitação : 63373 do(a) Paciente : 
 MARY ANGELA CARDOZO AUGUSTO
2016-07-15 15:36:34.98 - Solicitação enviada com sucesso ao destino!!!
2016-07-15 15:36:34.983 - Exame sem depara : Codigo Exame = 60
2016-07-15 15:36:35.037 - Exame sem depara : Codigo Exame = 94
2016-07-15 15:36:35.073 - Exame sem depara : Codigo Exame = 86
2016-07-15 15:36:35.123 - Exame sem depara : Codigo Exame = 61
2016-07-15 15:36:35.17 - Exame sem depara : Codigo Exame = 68
2016-07-15 15:36:35.203 - Exame sem depara : Codigo Exame = 64
2016-07-15 15:36:35.24 - Exame sem depara : Codigo Exame = 359
2016-07-15 15:36:35.28 - Exame sem depara : Codigo Exame = 337
2016-07-15 15:36:35.323 - Exame sem depara : Codigo Exame = 54
2016-07-15 15:36:55.503 - Laboratorio : CIENTIFICALAB
2016-07-15 15:36:55.587 - Não há informações a serem enviadas!!
2016-07-15 15:36:55.95 - Parando o processo de integração
2016-07-15 15:43:05.827 - Integração iniciada!!!
2016-07-15 15:43:06.003 - Laboratorio : CIENTIFICALAB
2016-07-15 15:43:06.063 - Não há informações a serem enviadas!!
2016-07-15 15:43:26.08 - Laboratorio : CIENTIFICALAB
2016-07-15 15:43:26.15 - Não há informações a serem enviadas!!
2016-07-15 15:43:46.167 - Laboratorio : CIENTIFICALAB
2016-07-15 15:43:46.237 - Não há informações a serem enviadas!!
2016-07-15 15:44:06.78 - Laboratorio : CIENTIFICALAB
2016-07-15 15:44:06.86 - Não há informações a serem enviadas!!
2016-07-15 15:44:26.813 - Parando o processo de integração
2016-07-15 15:45:04.507 - Integração iniciada!!!
2016-07-15 15:45:04.65 - Laboratorio : CIENTIFICALAB
2016-07-15 15:45:04.76 - Quantidade de informações - 15
2016-07-15 15:45:04.797 - Enviando a solicitação : 60244 do(a) Paciente : 
 WALDEMAR SALES
2016-07-15 15:46:16.783 - Parando o processo de integração
2016-07-15 15:49:19.57 - Integração iniciada!!!
2016-07-15 15:49:19.793 - Laboratorio : CIENTIFICALAB
2016-07-15 15:49:19.943 - Quantidade de informações - 15
2016-07-15 15:49:19.98 - Enviando a solicitação : 60244 do(a) Paciente : 
 WALDEMAR SALES
2016-07-15 15:49:21.103 - Solicitação enviada com sucesso ao destino!!!
2016-07-15 15:49:21.11 - Exame sem depara : Codigo Exame = 64
2016-07-15 15:49:21.177 - Exame sem depara : Codigo Exame = 111
2016-07-15 15:49:21.217 - Exame sem depara : Codigo Exame = 71
2016-07-15 15:49:21.257 - Exame sem depara : Codigo Exame = 68
2016-07-15 15:49:21.31 - Exame sem depara : Codigo Exame = 74
2016-07-15 15:49:21.353 - Exame sem depara : Codigo Exame = 61
2016-07-15 15:49:21.41 - Exame sem depara : Codigo Exame = 94
2016-07-15 15:49:21.48 - Exame sem depara : Codigo Exame = 93
2016-07-15 15:49:21.55 - Exame sem depara : Codigo Exame = 60
2016-07-15 15:49:21.603 - Exame sem depara : Codigo Exame = 86
2016-07-15 15:49:21.643 - Exame sem depara : Codigo Exame = 359
2016-07-15 15:49:21.683 - Exame sem depara : Codigo Exame = 54
2016-07-15 15:49:21.72 - Exame sem depara : Codigo Exame = 82
2016-07-15 15:49:21.76 - Exame sem depara : Codigo Exame = 337
2016-07-15 15:49:41.9 - Laboratorio : CIENTIFICALAB
2016-07-15 15:49:41.98 - Não há informações a serem enviadas!!
2016-07-15 15:49:56.027 - Parando o processo de integração
2016-07-15 15:50:36.367 - Integração iniciada!!!
2016-07-15 15:50:38.96 - Laboratorio : CIENTIFICALAB
2016-07-15 15:50:39.083 - Quantidade de informações - 2
2016-07-15 15:50:39.11 - Enviando a solicitação : 62435 do(a) Paciente : 
 ELIANE APARECIDA GUIMARAES CARNEVARI
2016-07-15 15:50:44.14 - Solicitação enviada e retornou com falhas!!! 
 Lista vazia ou exames não encontrado no destino (DEPARA)
2016-07-15 15:51:04.16 - Laboratorio : CIENTIFICALAB
2016-07-15 15:51:04.233 - Quantidade de informações - 2
2016-07-15 15:51:04.24 - Enviando a solicitação : 62435 do(a) Paciente : 
 ELIANE APARECIDA GUIMARAES CARNEVARI
2016-07-15 15:51:04.36 - Solicitação enviada e retornou com falhas!!! 
 Lista vazia ou exames não encontrado no destino (DEPARA)
2016-07-15 15:51:08.473 - Parando o processo de integração
2016-07-15 15:54:45.323 - Integração iniciada!!!
2016-07-15 15:54:45.503 - Laboratorio : CIENTIFICALAB
2016-07-15 15:54:45.59 - Quantidade de informações - 2
2016-07-15 15:54:45.61 - Enviando a solicitação : 62435 do(a) Paciente : 
 ELIANE APARECIDA GUIMARAES CARNEVARI
2016-07-15 15:54:46.077 - Solicitação enviada e retornou com falhas!!! 
 Lista vazia ou exames não encontrado no destino (DEPARA)
2016-07-15 15:54:46.08 - Exame sem depara : Codigo Exame = 60
2016-07-15 15:54:46.133 - Exame sem depara : Codigo Exame = 86
2016-07-15 15:55:06.313 - Laboratorio : CIENTIFICALAB
2016-07-15 15:55:06.397 - Não há informações a serem enviadas!!
2016-07-15 15:55:08.62 - Parando o processo de integração
2016-07-15 15:56:38.04 - Integração iniciada!!!
2016-07-15 15:56:41.47 - Laboratorio : CIENTIFICALAB
2016-07-15 15:56:41.547 - Não há informações a serem enviadas!!
2016-07-15 15:56:41.55 - Sistema parado por 20000
2016-07-15 15:57:01.57 - Laboratorio : CIENTIFICALAB
2016-07-15 15:57:01.643 - Não há informações a serem enviadas!!
2016-07-15 15:57:01.643 - Sistema parado por 20000
2016-07-15 15:57:21.663 - Laboratorio : CIENTIFICALAB
2016-07-15 15:57:21.74 - Não há informações a serem enviadas!!
2016-07-15 15:57:21.743 - Sistema parado por 20000
2016-07-15 15:57:41.763 - Laboratorio : CIENTIFICALAB
2016-07-15 15:57:41.837 - Não há informações a serem enviadas!!
2016-07-15 15:57:41.84 - Sistema parado por 20000
2016-07-15 15:57:54.227 - Parando o processo de integração
2016-07-15 15:58:41.26 - Integração iniciada!!!
2016-07-15 15:58:41.59 - Laboratorio : CIENTIFICALAB
2016-07-15 15:58:41.67 - Não há informações a serem enviadas!!
2016-07-15 15:58:41.673 - Sistema parado aguardando próximo ciclo
2016-07-15 15:58:54.89 - Parando o processo de integração
2016-07-15 16:00:14.7 - Integração iniciada!!!
2016-07-15 16:00:15.713 - Laboratorio : CIENTIFICALAB
2016-07-15 16:00:15.803 - Quantidade de informações - 18
2016-07-15 16:00:15.84 - Enviando a solicitação : 61462 do(a) Paciente : 
 VALDIR APARECIDO PEREIRA
2016-07-15 16:00:35.94 - Solicitação enviada com sucesso ao destino!!!
2016-07-15 16:00:35.943 - Exame sem depara : Codigo Exame = 64
2016-07-15 16:00:35.993 - Exame sem depara : Codigo Exame = 111
2016-07-15 16:00:36.047 - Exame sem depara : Codigo Exame = 71
2016-07-15 16:00:36.083 - Exame sem depara : Codigo Exame = 68
2016-07-15 16:00:36.13 - Exame sem depara : Codigo Exame = 74
2016-07-15 16:00:36.17 - Exame sem depara : Codigo Exame = 61
2016-07-15 16:00:36.207 - Exame sem depara : Codigo Exame = 94
2016-07-15 16:00:36.247 - Exame sem depara : Codigo Exame = 93
2016-07-15 16:00:36.303 - Exame sem depara : Codigo Exame = 60
2016-07-15 16:00:36.357 - Exame sem depara : Codigo Exame = 86
2016-07-15 16:00:36.403 - Exame sem depara : Codigo Exame = 54
2016-07-15 16:00:36.46 - Exame sem depara : Codigo Exame = 82
2016-07-15 16:00:36.51 - Exame sem depara : Codigo Exame = 72
2016-07-15 16:00:36.553 - Exame sem depara : Codigo Exame = 73
2016-07-15 16:00:36.597 - Exame sem depara : Codigo Exame = 95
2016-07-15 16:00:36.633 - Exame sem depara : Codigo Exame = 359
2016-07-15 16:00:36.673 - Exame sem depara : Codigo Exame = 337
2016-07-15 16:00:36.847 - Sistema parado aguardando próximo ciclo
2016-07-15 16:00:47.71 - Parando o processo de integração
