2016-07-01 14:21:32.35 - Integração iniciada!!!
2016-07-01 14:21:32.903 - Laboratorio : CIENTIFICALAB
2016-07-01 14:22:07.367 - Quantidade de informações encontradas a serem tratadas- 516421
2016-07-01 14:25:11.817 - Parando o processo de integração
2016-07-01 14:48:54.2 - Integração iniciada!!!
2016-07-01 14:48:54.407 - Laboratorio : CIENTIFICALAB
2016-07-01 14:49:03.993 - Quantidade de informações encontradas a serem tratadas- 516421
2016-07-01 14:50:48.797 - Parando o processo de integração
2016-07-01 15:41:45.15 - Integração iniciada!!!
2016-07-01 15:41:45.327 - Laboratorio : CIENTIFICALAB
2016-07-01 15:43:48.953 - Parando o processo de integração
2016-07-01 15:44:11.183 - Integração iniciada!!!
2016-07-01 15:44:11.57 - Laboratorio : CIENTIFICALAB
2016-07-01 15:44:25.227 - Quantidade de informações encontradas a serem tratadas- 516421
2016-07-01 15:45:01.943 - Parando o processo de integração
2016-07-01 15:47:21.01 - Integração iniciada!!!
2016-07-01 15:47:21.16 - Laboratorio : CIENTIFICALAB
2016-07-01 15:47:36.393 - Quantidade de informações encontradas a serem tratadas- 516421
2016-07-01 15:48:46.99 - Parando o processo de integração
2016-07-01 15:49:10.873 - Integração iniciada!!!
2016-07-01 15:49:11.067 - Laboratorio : CIENTIFICALAB
2016-07-01 15:49:25.61 - Quantidade de informações encontradas a serem tratadas- 516421
2016-07-01 15:50:30.34 - Parando o processo de integração
2016-07-01 15:50:51.363 - Integração iniciada!!!
2016-07-01 15:50:51.543 - Laboratorio : CIENTIFICALAB
2016-07-01 15:51:05.48 - Quantidade de informações encontradas a serem tratadas- 516421
2016-07-01 15:51:28.35 - Parando o processo de integração
2016-07-01 15:54:13.44 - Integração iniciada!!!
2016-07-01 15:54:19.81 - Laboratorio : CIENTIFICALAB
2016-07-01 15:54:32.353 - Quantidade de informações encontradas a serem tratadas- 516421
2016-07-01 15:58:51.437 - Parando o processo de integração
2016-07-01 16:00:01.89 - Integração iniciada!!!
2016-07-01 16:00:05.143 - Laboratorio : CIENTIFICALAB
2016-07-01 16:00:22.51 - Quantidade de informações encontradas a serem tratadas- 516421
2016-07-01 16:01:16.757 - Parando o processo de integração
2016-07-01 16:01:39.17 - Integração iniciada!!!
2016-07-01 16:01:39.333 - Laboratorio : CIENTIFICALAB
2016-07-01 16:01:56.94 - Quantidade de informações encontradas a serem tratadas- 516421
2016-07-01 16:04:27.857 - Parando o processo de integração
2016-07-01 16:05:27.15 - Integração iniciada!!!
2016-07-01 16:05:27.337 - Laboratorio : CIENTIFICALAB
2016-07-01 16:05:41.837 - Quantidade de informações encontradas a serem tratadas- 516421
2016-07-01 16:07:17.743 - Parando o processo de integração
2016-07-01 16:09:45.013 - Integração iniciada!!!
2016-07-01 16:09:45.197 - Laboratorio : CIENTIFICALAB
2016-07-01 16:10:00.253 - Quantidade de informações encontradas a serem tratadas- 516421
2016-07-01 16:12:42.817 - Parando o processo de integração
2016-07-01 16:18:39.04 - Integração iniciada!!!
2016-07-01 16:18:39.897 - Laboratorio : CIENTIFICALAB
2016-07-01 16:18:54.583 - Quantidade de informações encontradas a serem tratadas- 516421
2016-07-01 16:21:56.233 - Parando o processo de integração
2016-07-01 16:22:18.55 - Integração iniciada!!!
2016-07-01 16:22:19.243 - Laboratorio : CIENTIFICALAB
2016-07-01 16:22:33.133 - Quantidade de informações encontradas a serem tratadas- 516421
2016-07-01 16:23:10.817 - Parando o processo de integração
2016-07-01 16:23:34.53 - Integração iniciada!!!
2016-07-01 16:23:34.717 - Laboratorio : CIENTIFICALAB
2016-07-01 16:23:49.437 - Quantidade de informações encontradas a serem tratadas- 516421
2016-07-01 16:25:27.653 - Parando o processo de integração
2016-07-01 16:25:52.237 - Integração iniciada!!!
2016-07-01 16:25:52.423 - Laboratorio : CIENTIFICALAB
2016-07-01 16:26:05.407 - Quantidade de informações encontradas a serem tratadas- 516421
2016-07-01 16:26:21.777 - Parando o processo de integração
2016-07-01 17:32:04.303 - Integração iniciada!!!
2016-07-01 17:32:04.453 - Computador fora da internet ou servidor inacessível indo dormir por 40000
2016-07-01 17:32:12.57 - Parando o processo de integração
2016-07-01 17:33:09.903 - Integração iniciada!!!
2016-07-01 17:33:10.323 - Laboratorio : CIENTIFICALAB
2016-07-01 17:33:35.913 - Quantidade de informações - 516421
2016-07-01 17:33:39.817 - Não há informações a serem enviadas!!
2016-07-01 17:33:59.83 - Laboratorio : CIENTIFICALAB
2016-07-01 17:34:13.353 - Quantidade de informações - 516421
2016-07-01 17:34:17.003 - Não há informações a serem enviadas!!
2016-07-01 17:34:36.6 - Parando o processo de integração
2016-07-01 17:39:50.787 - Integração iniciada!!!
2016-07-01 17:39:50.917 - Laboratorio : CIENTIFICALAB
2016-07-01 17:40:03.4 - Quantidade de informações - 516421
2016-07-01 17:40:30.27 - Parando o processo de integração
2016-07-01 17:40:54.36 - Integração iniciada!!!
2016-07-01 17:40:54.51 - Laboratorio : CIENTIFICALAB
2016-07-01 17:41:07.66 - Quantidade de informações - 516421
2016-07-01 17:41:17.673 - Parando o processo de integração
2016-07-01 17:46:46.64 - Integração iniciada!!!
2016-07-01 17:46:46.807 - Laboratorio : CIENTIFICALAB
2016-07-01 17:46:52.303 - Parando o processo de integração
2016-07-01 17:52:58.7 - Integração iniciada!!!
2016-07-01 17:52:58.83 - Laboratorio : CIENTIFICALAB
2016-07-01 17:52:59.013 - Quantidade de informações - 6
2016-07-01 17:53:19.09 - Laboratorio : CIENTIFICALAB
2016-07-01 17:53:19.167 - Quantidade de informações - 6
2016-07-01 17:53:27.61 - Parando o processo de integração
2016-07-01 17:55:56.973 - Integração iniciada!!!
2016-07-01 17:55:57.13 - Laboratorio : CIENTIFICALAB
2016-07-01 17:55:57.187 - Quantidade de informações - 6
2016-07-01 17:55:59.8 - Parando o processo de integração
2016-07-01 17:57:26.16 - Integração iniciada!!!
2016-07-01 17:57:26.317 - Laboratorio : CIENTIFICALAB
2016-07-01 17:57:26.397 - Quantidade de informações - 6
2016-07-01 17:57:28.127 - Parando o processo de integração
